<?xml version="1.0" encoding="UTF-8"?>
<!-- Generated by org.testng.reporters.JUnitReportReporter -->
<testsuite hostname="imaginis-MacBook-Air-14.local" name="tests.GoogleSearchTests" tests="1" failures="0" timestamp="13 Jul 2015 13:04:58 GMT" time="9.172" errors="0">
  <testcase name="TestGoogleSearch" time="9.172" classname="tests.GoogleSearchTests"/>
</testsuite> <!-- tests.GoogleSearchTests -->
